#
# There is insufficient memory for the Java Runtime Environment to continue.
# Native memory allocation (mmap) failed to map 264241152 bytes. Error detail: G1 virtual space
# Possible reasons:
#   The system is out of physical RAM or swap space
#   This process is running with CompressedOops enabled, and the Java Heap may be blocking the growth of the native heap
# Possible solutions:
#   Reduce memory load on the system
#   Increase physical memory or swap space
#   Check if swap backing store is full
#   Decrease Java heap size (-Xmx/-Xms)
#   Decrease number of Java threads
#   Decrease Java thread stack sizes (-Xss)
#   Set larger code cache with -XX:ReservedCodeCacheSize=
#   JVM is running with Zero Based Compressed Oops mode in which the Java heap is
#     placed in the first 32GB address space. The Java Heap base address is the
#     maximum limit for the native heap growth. Please use -XX:HeapBaseMinAddress
#     to set the Java Heap base and to place the Java Heap above 32GB virtual address.
# This output file may be truncated or incomplete.
#
#  Out of Memory Error (os_windows.cpp:3631), pid=34084, tid=31008
#
# JRE version:  (22.0.1+8) (build )
# Java VM: Java HotSpot(TM) 64-Bit Server VM (22.0.1+8-16, mixed mode, sharing, tiered, compressed oops, compressed class ptrs, g1 gc, windows-amd64)
# No core dump will be written. Minidumps are not enabled by default on client versions of Windows
#

---------------  S U M M A R Y ------------

Command Line: -Dfile.encoding=UTF-8 -Dstdout.encoding=UTF-8 -Dstderr.encoding=UTF-8 --module-path=C:\Users\qwemn\eclipse-workspace\project\bin -XX:+ShowCodeDetailsInExceptionMessages -Djdk.module.main=project project/Pos.number

Host: 11th Gen Intel(R) Core(TM) i7-11800H @ 2.30GHz, 16 cores, 15G,  Windows 11 , 64 bit Build 22621 (10.0.22621.3672)
Time: Fri Jun  7 02:22:45 2024  Windows 11 , 64 bit Build 22621 (10.0.22621.3672) elapsed time: 0.026931 seconds (0d 0h 0m 0s)

---------------  T H R E A D  ---------------

Current thread (0x000001708168a6c0):  JavaThread "Unknown thread" [_thread_in_vm, id=31008, stack(0x00000009b6100000,0x00000009b6200000) (1024K)]

Stack: [0x00000009b6100000,0x00000009b6200000]
Native frames: (J=compiled Java code, j=interpreted, Vv=VM code, C=native code)
V  [jvm.dll+0x6e2279]  (no source info available)
V  [jvm.dll+0x874e33]  (no source info available)
V  [jvm.dll+0x87725e]  (no source info available)
V  [jvm.dll+0x877933]  (no source info available)
V  [jvm.dll+0x27fd76]  (no source info available)
V  [jvm.dll+0x6de915]  (no source info available)
V  [jvm.dll+0x6d341a]  (no source info available)
V  [jvm.dll+0x3589da]  (no source info available)
V  [jvm.dll+0x360f06]  (no source info available)
V  [jvm.dll+0x3b3e2e]  (no source info available)
V  [jvm.dll+0x3b40d8]  (no source info available)
V  [jvm.dll+0x32c59c]  (no source info available)
V  [jvm.dll+0x32d158]  (no source info available)
V  [jvm.dll+0x83ccdc]  (no source info available)
V  [jvm.dll+0x3c0d71]  (no source info available)
V  [jvm.dll+0x825ccc]  (no source info available)
V  [jvm.dll+0x45b8fe]  (no source info available)
V  [jvm.dll+0x45d781]  (no source info available)
C  [jli.dll+0x52a3]  (no source info available)
C  [ucrtbase.dll+0x29333]  (no source info available)
C  [KERNEL32.DLL+0x1257d]  (no source info available)
C  [ntdll.dll+0x5aa48]  (no source info available)


---------------  P R O C E S S  ---------------

Threads class SMR info:
_java_thread_list=0x00007ff8dce9b1c8, length=0, elements={
}

Java Threads: ( => current thread )
Total: 0

Other Threads:
  0x0000017083a3df20 WorkerThread "GC Thread#0"                     [id=34276, stack(0x00000009b6200000,0x00000009b6300000) (1024K)]
  0x0000017083a4eae0 ConcurrentGCThread "G1 Main Marker"            [id=12084, stack(0x00000009b6300000,0x00000009b6400000) (1024K)]
  0x0000017083a50f50 WorkerThread "G1 Conc#0"                       [id=34128, stack(0x00000009b6400000,0x00000009b6500000) (1024K)]

[error occurred during error reporting (printing all threads), id 0xc0000005, EXCEPTION_ACCESS_VIOLATION (0xc0000005) at pc=0x00007ff8dc5ef367]
VM state: not at safepoint (not fully initialized)

VM Mutex/Monitor currently owned by a thread:  ([mutex/lock_event])
[0x00007ff8dcf1bcb8] Heap_lock - owner thread: 0x000001708168a6c0

Heap address: 0x0000000704a00000, size: 4022 MB, Compressed Oops mode: Zero based, Oop shift amount: 3

CDS archive(s) mapped at: [0x0000000000000000-0x0000000000000000-0x0000000000000000), size 0, SharedBaseAddress: 0x0000000800000000, ArchiveRelocationMode: 1.
Narrow klass base: 0x0000000000000000, Narrow klass shift: 0, Narrow klass range: 0x0

GC Precious Log:
 CardTable entry size: 512
 Card Set container configuration: InlinePtr #cards 4 size 8 Array Of Cards #cards 16 size 48 Howl #buckets 8 coarsen threshold 3686 Howl Bitmap #cards 512 size 80 coarsen threshold 460 Card regions per heap region 1 cards per card region 4096

Heap:
 garbage-first heap   total reserved 4118528K, committed 0K, used 0K [0x0000000704a00000, 0x0000000800000000)
  region size 2048K, 0 young (0K), 0 survivors (0K)

[error occurred during error reporting (printing heap information), id 0xc0000005, EXCEPTION_ACCESS_VIOLATION (0xc0000005) at pc=0x00007ff8dc9ee429]
GC Heap History (0 events):
No events

Dll operation events (1 events):
Event: 0.012 Loaded shared library C:\Program Files\Java\jdk-22\bin\java.dll

Deoptimization events (0 events):
No events

Classes loaded (0 events):
No events

Classes unloaded (0 events):
No events

Classes redefined (0 events):
No events

Internal exceptions (0 events):
No events

ZGC Phase Switch (0 events):
No events

VM Operations (0 events):
No events

Events (0 events):
No events


Dynamic libraries:
0x00007ff63e3c0000 - 0x00007ff63e3d0000 	C:\Program Files\Java\jdk-22\bin\javaw.exe
0x00007ff9495b0000 - 0x00007ff9497c7000 	C:\WINDOWS\SYSTEM32\ntdll.dll
0x00007ff948f20000 - 0x00007ff948fe4000 	C:\WINDOWS\System32\KERNEL32.DLL
0x00007ff946aa0000 - 0x00007ff946e4c000 	C:\WINDOWS\System32\KERNELBASE.dll
0x00007ff947150000 - 0x00007ff947261000 	C:\WINDOWS\System32\ucrtbase.dll
0x00007ff940950000 - 0x00007ff940967000 	C:\Program Files\Java\jdk-22\bin\jli.dll
0x00007ff93de50000 - 0x00007ff93de6b000 	C:\Program Files\Java\jdk-22\bin\VCRUNTIME140.dll
0x00007ff948250000 - 0x00007ff948302000 	C:\WINDOWS\System32\ADVAPI32.dll
0x00007ff949220000 - 0x00007ff9492c7000 	C:\WINDOWS\System32\msvcrt.dll
0x00007ff948310000 - 0x00007ff9483b8000 	C:\WINDOWS\System32\sechost.dll
0x00007ff947060000 - 0x00007ff947088000 	C:\WINDOWS\System32\bcrypt.dll
0x00007ff9492d0000 - 0x00007ff9493e5000 	C:\WINDOWS\System32\RPCRT4.dll
0x00007ff9472f0000 - 0x00007ff94749e000 	C:\WINDOWS\System32\USER32.dll
0x00007ff9468e0000 - 0x00007ff946906000 	C:\WINDOWS\System32\win32u.dll
0x00007ff9493f0000 - 0x00007ff949419000 	C:\WINDOWS\System32\GDI32.dll
0x00007ff946910000 - 0x00007ff946a29000 	C:\WINDOWS\System32\gdi32full.dll
0x00007ff936950000 - 0x00007ff936be3000 	C:\WINDOWS\WinSxS\amd64_microsoft.windows.common-controls_6595b64144ccf1df_6.0.22621.3672_none_2713b9d173822955\COMCTL32.dll
0x00007ff946e50000 - 0x00007ff946eea000 	C:\WINDOWS\System32\msvcp_win.dll
0x00007ff93b930000 - 0x00007ff93b93a000 	C:\WINDOWS\SYSTEM32\VERSION.dll
0x00007ff949530000 - 0x00007ff949561000 	C:\WINDOWS\System32\IMM32.DLL
0x00007ff93de40000 - 0x00007ff93de4c000 	C:\Program Files\Java\jdk-22\bin\vcruntime140_1.dll
0x00007ff9050e0000 - 0x00007ff90516e000 	C:\Program Files\Java\jdk-22\bin\msvcp140.dll
0x00007ff8dc2b0000 - 0x00007ff8dcff7000 	C:\Program Files\Java\jdk-22\bin\server\jvm.dll
0x00007ff9483c0000 - 0x00007ff948431000 	C:\WINDOWS\System32\WS2_32.dll
0x00007ff945770000 - 0x00007ff9457bd000 	C:\WINDOWS\SYSTEM32\POWRPROF.dll
0x00007ff939080000 - 0x00007ff9390b4000 	C:\WINDOWS\SYSTEM32\WINMM.dll
0x00007ff945750000 - 0x00007ff945763000 	C:\WINDOWS\SYSTEM32\UMPDC.dll
0x00007ff945a00000 - 0x00007ff945a18000 	C:\WINDOWS\SYSTEM32\kernel.appcore.dll
0x00007ff93dae0000 - 0x00007ff93daea000 	C:\Program Files\Java\jdk-22\bin\jimage.dll
0x00007ff944230000 - 0x00007ff944462000 	C:\WINDOWS\SYSTEM32\DBGHELP.DLL
0x00007ff9474a0000 - 0x00007ff947828000 	C:\WINDOWS\System32\combase.dll
0x00007ff949140000 - 0x00007ff949217000 	C:\WINDOWS\System32\OLEAUT32.dll
0x00007ff926750000 - 0x00007ff926782000 	C:\WINDOWS\SYSTEM32\dbgcore.DLL
0x00007ff947270000 - 0x00007ff9472eb000 	C:\WINDOWS\System32\bcryptPrimitives.dll
0x00007ff939a00000 - 0x00007ff939a1e000 	C:\Program Files\Java\jdk-22\bin\java.dll
0x00007ff9478f0000 - 0x00007ff94814c000 	C:\WINDOWS\System32\SHELL32.dll
0x00007ff948440000 - 0x00007ff9485e5000 	C:\WINDOWS\System32\ole32.dll

dbghelp: loaded successfully - version: 4.0.5 - missing functions: none
symbol engine: initialized successfully - sym options: 0x614 - pdb path: .;C:\Program Files\Java\jdk-22\bin;C:\WINDOWS\SYSTEM32;C:\WINDOWS\WinSxS\amd64_microsoft.windows.common-controls_6595b64144ccf1df_6.0.22621.3672_none_2713b9d173822955;C:\Program Files\Java\jdk-22\bin\server

VM Arguments:
jvm_args: -Dfile.encoding=UTF-8 -Dstdout.encoding=UTF-8 -Dstderr.encoding=UTF-8 --module-path=C:\Users\qwemn\eclipse-workspace\project\bin -XX:+ShowCodeDetailsInExceptionMessages -Djdk.module.main=project 
java_command: project/Pos.number
java_class_path (initial): C:\Program Files\Java\jdk-22\lib\mysql-connector-j-8.0.31.jar
Launcher Type: SUN_STANDARD

[Global flags]
     intx CICompilerCount                          = 12                                        {product} {ergonomic}
     uint ConcGCThreads                            = 3                                         {product} {ergonomic}
     uint G1ConcRefinementThreads                  = 13                                        {product} {ergonomic}
   size_t G1HeapRegionSize                         = 2097152                                   {product} {ergonomic}
   size_t InitialHeapSize                          = 264241152                                 {product} {ergonomic}
   size_t MarkStackSize                            = 4194304                                   {product} {ergonomic}
   size_t MaxHeapSize                              = 4217372672                                {product} {ergonomic}
   size_t MinHeapDeltaBytes                        = 2097152                                   {product} {ergonomic}
   size_t MinHeapSize                              = 8388608                                   {product} {ergonomic}
    uintx NonNMethodCodeHeapSize                   = 7602480                                {pd product} {ergonomic}
    uintx NonProfiledCodeHeapSize                  = 122027880                              {pd product} {ergonomic}
    uintx ProfiledCodeHeapSize                     = 122027880                              {pd product} {ergonomic}
    uintx ReservedCodeCacheSize                    = 251658240                              {pd product} {ergonomic}
     bool SegmentedCodeCache                       = true                                      {product} {ergonomic}
     bool ShowCodeDetailsInExceptionMessages       = true                                   {manageable} {command line}
   size_t SoftMaxHeapSize                          = 4217372672                             {manageable} {ergonomic}
     bool UseCompressedOops                        = true                           {product lp64_product} {ergonomic}
     bool UseG1GC                                  = true                                      {product} {ergonomic}
     bool UseLargePagesIndividualAllocation        = false                                  {pd product} {ergonomic}

Logging:
Log output configuration:
 #0: stdout all=warning uptime,level,tags foldmultilines=false
 #1: stderr all=off uptime,level,tags foldmultilines=false

Environment Variables:
PATH=C:\Program Files\Common Files\Oracle\Java\javapath;C:\Program Files (x86)\Common Files\Oracle\Java\java8path;C:\Program Files (x86)\Common Files\Oracle\Java\javapath;C:\WINDOWS\system32;C:\WINDOWS;C:\WINDOWS\System32\Wbem;C:\WINDOWS\System32\WindowsPowerShell\v1.0\;C:\WINDOWS\System32\OpenSSH\;C:\Program Files\Java\jdk-22\bin;C:\Program Files\Java\jdk-22\lib;C:\Program Files\Bandizip\;C:\Program Files (x86)\NVIDIA Corporation\PhysX\Common;C:\Program Files\NVIDIA Corporation\NVIDIA NvDLISR;C:\Program Files\Git\cmd;C:\Program Files\MySQL\MySQL Server 8.0\bin;C:\Program Files\MySQL\MySQL Shell 8.0\bin\;C:\Users\qwemn\AppData\Local\Microsoft\WindowsApps;C:\Users\qwemn\AppData\Local\Programs\Microsoft VS Code\bin;C:\Users\qwemn\AppData\Local\GitHubDesktop\bin;C:\Program Files\JetBrains\IntelliJ IDEA Community Edition 2024.1.1\bin;
USERNAME=qwemn
OS=Windows_NT
PROCESSOR_IDENTIFIER=Intel64 Family 6 Model 141 Stepping 1, GenuineIntel
TMP=C:\Users\qwemn\AppData\Local\Temp
TEMP=C:\Users\qwemn\AppData\Local\Temp




Periodic native trim disabled

---------------  S Y S T E M  ---------------

OS:
 Windows 11 , 64 bit Build 22621 (10.0.22621.3672)
OS uptime: 1 days 22:49 hours

CPU: total 16 (initial active 16) (8 cores per cpu, 2 threads per core) family 6 model 141 stepping 1 microcode 0x26, cx8, cmov, fxsr, ht, mmx, 3dnowpref, sse, sse2, sse3, ssse3, sse4.1, sse4.2, popcnt, lzcnt, tsc, tscinvbit, avx, avx2, aes, erms, clmul, bmi1, bmi2, adx, avx512f, avx512dq, avx512cd, avx512bw, avx512vl, sha, fma, vzeroupper, avx512_vpopcntdq, avx512_vpclmulqdq, avx512_vaes, avx512_vnni, clflush, clflushopt, clwb, avx512_vbmi2, avx512_vbmi, rdtscp, rdpid, fsrm, gfni, avx512_bitalg, f16c, pku, cet_ibt, cet_ss, avx512_ifma
Processor Information for all 16 processors :
  Max Mhz: 2301, Current Mhz: 2300, Mhz Limit: 2301

Memory: 4k page, system-wide physical 16085M (4511M free)
TotalPageFile size 65237M (AvailPageFile size 157M)
current process WorkingSet (physical memory assigned to process): 12M, peak: 12M
current process commit charge ("private bytes"): 71M, peak: 323M

vm_info: Java HotSpot(TM) 64-Bit Server VM (22.0.1+8-16) for windows-amd64 JRE (22.0.1+8-16), built on 2024-03-12T10:33:16Z by "mach5one" with MS VC++ 17.6 (VS2022)

END.
